<?xml version="1.0" encoding="UTF-8"?>
<!-- Generated by org.testng.reporters.JUnitReportReporter -->
<testsuite hostname="SANJAYAKUMAR" failures="0" tests="1" name="testscript.Login_script" time="24.457" errors="0" timestamp="2023-04-27T12:20:59 IST" skipped="0">
  <testcase classname="testscript.Login_script" name="test1" time="24.457"/>
  <system-out/>
</testsuite> <!-- testscript.Login_script -->
